#
# There is insufficient memory for the Java Runtime Environment to continue.
# Native memory allocation (mmap) failed to map 266338304 bytes. Error detail: G1 virtual space
# Possible reasons:
#   The system is out of physical RAM or swap space
#   This process is running with CompressedOops enabled, and the Java Heap may be blocking the growth of the native heap
# Possible solutions:
#   Reduce memory load on the system
#   Increase physical memory or swap space
#   Check if swap backing store is full
#   Decrease Java heap size (-Xmx/-Xms)
#   Decrease number of Java threads
#   Decrease Java thread stack sizes (-Xss)
#   Set larger code cache with -XX:ReservedCodeCacheSize=
#   JVM is running with Unscaled Compressed Oops mode in which the Java heap is
#     placed in the first 4GB address space. The Java Heap base address is the
#     maximum limit for the native heap growth. Please use -XX:HeapBaseMinAddress
#     to set the Java Heap base and to place the Java Heap above 4GB virtual address.
# This output file may be truncated or incomplete.
#
#  Out of Memory Error (os_windows.cpp:3631), pid=5772, tid=5300
#
# JRE version:  (22.0.2+9) (build )
# Java VM: Java HotSpot(TM) 64-Bit Server VM (22.0.2+9-70, mixed mode, sharing, tiered, compressed oops, compressed class ptrs, g1 gc, windows-amd64)
# No core dump will be written. Minidumps are not enabled by default on client versions of Windows
#

---------------  S U M M A R Y ------------

Command Line: -Xmx256m -Dclassworlds.conf=D:\software\apache-maven-3.9.3\bin\m2.conf -Dmaven.home=D:\software\apache-maven-3.9.3 -Dlibrary.jansi.path=D:\software\apache-maven-3.9.3\lib\jansi-native -Dmaven.multiModuleProjectDirectory=D:\anitgravity\spring-boot-projects\redis-spring-boot-starter org.codehaus.plexus.classworlds.launcher.Launcher clean install

Host: 11th Gen Intel(R) Core(TM) i5-11320H @ 3.20GHz, 8 cores, 15G,  Windows 11 , 64 bit Build 26100 (10.0.26100.7309)
Time: Mon Dec 22 09:48:31 2025 India Standard Time elapsed time: 1.051493 seconds (0d 0h 0m 1s)

---------------  T H R E A D  ---------------

Current thread (0x00000259ba5471c0):  JavaThread "Unknown thread" [_thread_in_vm, id=5300, stack(0x000000a9f3600000,0x000000a9f3700000) (1024K)]

Stack: [0x000000a9f3600000,0x000000a9f3700000]
Native frames: (J=compiled Java code, j=interpreted, Vv=VM code, C=native code)
V  [jvm.dll+0x6e26e9]  (no source info available)
V  [jvm.dll+0x875753]  (no source info available)
V  [jvm.dll+0x877b7e]  (no source info available)
V  [jvm.dll+0x878253]  (no source info available)
V  [jvm.dll+0x27fc86]  (no source info available)
V  [jvm.dll+0x6ded85]  (no source info available)
V  [jvm.dll+0x6d388a]  (no source info available)
V  [jvm.dll+0x358b8a]  (no source info available)
V  [jvm.dll+0x3610b6]  (no source info available)
V  [jvm.dll+0x3b419e]  (no source info available)
V  [jvm.dll+0x3b4448]  (no source info available)
V  [jvm.dll+0x32c5ec]  (no source info available)
V  [jvm.dll+0x32d258]  (no source info available)
V  [jvm.dll+0x83d5ac]  (no source info available)
V  [jvm.dll+0x3c10d1]  (no source info available)
V  [jvm.dll+0x8264cc]  (no source info available)
V  [jvm.dll+0x45bd5e]  (no source info available)
V  [jvm.dll+0x45dbe1]  (no source info available)
C  [jli.dll+0x52a3]  (no source info available)
C  [ucrtbase.dll+0x37b0]  (no source info available)
C  [KERNEL32.DLL+0x2e8d7]  (no source info available)
C  [ntdll.dll+0x8c53c]  (no source info available)


---------------  P R O C E S S  ---------------

Threads class SMR info:
_java_thread_list=0x00007ffee951c1c8, length=0, elements={
}

Java Threads: ( => current thread )
Total: 0

Other Threads:
  0x00000259bc821e50 WorkerThread "GC Thread#0"                     [id=29184, stack(0x000000a9f3700000,0x000000a9f3800000) (1024K)]
  0x00000259bc824e40 ConcurrentGCThread "G1 Main Marker"            [id=18872, stack(0x000000a9f3800000,0x000000a9f3900000) (1024K)]
  0x00000259bc828690 WorkerThread "G1 Conc#0"                       [id=11456, stack(0x000000a9f3900000,0x000000a9f3a00000) (1024K)]

[error occurred during error reporting (printing all threads), id 0xc0000005, EXCEPTION_ACCESS_VIOLATION (0xc0000005) at pc=0x00007ffee8c6f517]
VM state: not at safepoint (not fully initialized)

VM Mutex/Monitor currently owned by a thread:  ([mutex/lock_event])
[0x00007ffee959cc80] Heap_lock - owner thread: 0x00000259ba5471c0

Heap address: 0x00000000f0000000, size: 256 MB, Compressed Oops mode: 32-bit

CDS archive(s) mapped at: [0x0000000000000000-0x0000000000000000-0x0000000000000000), size 0, SharedBaseAddress: 0x0000000800000000, ArchiveRelocationMode: 1.
Narrow klass base: 0x0000000000000000, Narrow klass shift: 0, Narrow klass range: 0x0

GC Precious Log:
 CardTable entry size: 512
 Card Set container configuration: InlinePtr #cards 5 size 8 Array Of Cards #cards 12 size 40 Howl #buckets 4 coarsen threshold 1843 Howl Bitmap #cards 512 size 80 coarsen threshold 460 Card regions per heap region 1 cards per card region 2048

Heap:
 garbage-first heap   total reserved 262144K, committed 0K, used 0K [0x00000000f0000000, 0x0000000100000000)
  region size 1024K, 0 young (0K), 0 survivors (0K)

[error occurred during error reporting (printing heap information), id 0xc0000005, EXCEPTION_ACCESS_VIOLATION (0xc0000005) at pc=0x00007ffee906e869]
GC Heap History (0 events):
No events

Dll operation events (1 events):
Event: 0.013 Loaded shared library D:\software\jdk-22\jdk-22.0.2\bin\java.dll

Deoptimization events (0 events):
No events

Classes loaded (0 events):
No events

Classes unloaded (0 events):
No events

Classes redefined (0 events):
No events

Internal exceptions (0 events):
No events

ZGC Phase Switch (0 events):
No events

VM Operations (0 events):
No events

Memory protections (0 events):
No events

Nmethod flushes (0 events):
No events

Events (0 events):
No events


Dynamic libraries:
0x00007ff71a310000 - 0x00007ff71a320000 	D:\software\jdk-22\jdk-22.0.2\bin\java.exe
0x00007fff59140000 - 0x00007fff593a7000 	C:\WINDOWS\SYSTEM32\ntdll.dll
0x00007fff579f0000 - 0x00007fff57ab9000 	C:\WINDOWS\System32\KERNEL32.DLL
0x00007fff56800000 - 0x00007fff56bef000 	C:\WINDOWS\System32\KERNELBASE.dll
0x00007fff56470000 - 0x00007fff565bb000 	C:\WINDOWS\System32\ucrtbase.dll
0x00007fff45d10000 - 0x00007fff45d2b000 	D:\software\jdk-22\jdk-22.0.2\bin\VCRUNTIME140.dll
0x00007fff42440000 - 0x00007fff42457000 	D:\software\jdk-22\jdk-22.0.2\bin\jli.dll
0x00007fff57350000 - 0x00007fff57515000 	C:\WINDOWS\System32\USER32.dll
0x00007fff3ebb0000 - 0x00007fff3ee43000 	C:\WINDOWS\WinSxS\amd64_microsoft.windows.common-controls_6595b64144ccf1df_6.0.26100.7309_none_3e05feeae336a044\COMCTL32.dll
0x00007fff56cb0000 - 0x00007fff56cd7000 	C:\WINDOWS\System32\win32u.dll
0x00007fff57520000 - 0x00007fff575c9000 	C:\WINDOWS\System32\msvcrt.dll
0x00007fff575d0000 - 0x00007fff575fb000 	C:\WINDOWS\System32\GDI32.dll
0x00007fff56290000 - 0x00007fff563bc000 	C:\WINDOWS\System32\gdi32full.dll
0x00007fff563c0000 - 0x00007fff56463000 	C:\WINDOWS\System32\msvcp_win.dll
0x00007fff57300000 - 0x00007fff57331000 	C:\WINDOWS\System32\IMM32.DLL
0x00007fff47b00000 - 0x00007fff47b0c000 	D:\software\jdk-22\jdk-22.0.2\bin\vcruntime140_1.dll
0x00007fff06e50000 - 0x00007fff06ede000 	D:\software\jdk-22\jdk-22.0.2\bin\msvcp140.dll
0x00007ffee8930000 - 0x00007ffee9679000 	D:\software\jdk-22\jdk-22.0.2\bin\server\jvm.dll
0x00007fff582d0000 - 0x00007fff58384000 	C:\WINDOWS\System32\ADVAPI32.dll
0x00007fff576b0000 - 0x00007fff57756000 	C:\WINDOWS\System32\sechost.dll
0x00007fff57760000 - 0x00007fff57878000 	C:\WINDOWS\System32\RPCRT4.dll
0x00007fff57610000 - 0x00007fff57684000 	C:\WINDOWS\System32\WS2_32.dll
0x00007fff560f0000 - 0x00007fff5614e000 	C:\WINDOWS\SYSTEM32\POWRPROF.dll
0x00007fff4b840000 - 0x00007fff4b84b000 	C:\WINDOWS\SYSTEM32\VERSION.dll
0x00007fff1ea60000 - 0x00007fff1ea95000 	C:\WINDOWS\SYSTEM32\WINMM.dll
0x00007fff560d0000 - 0x00007fff560e4000 	C:\WINDOWS\SYSTEM32\UMPDC.dll
0x00007fff55010000 - 0x00007fff5502b000 	C:\WINDOWS\SYSTEM32\kernel.appcore.dll
0x00007fff46ed0000 - 0x00007fff46eda000 	D:\software\jdk-22\jdk-22.0.2\bin\jimage.dll
0x00007fff53bb0000 - 0x00007fff53df2000 	C:\WINDOWS\SYSTEM32\DBGHELP.DLL
0x00007fff587d0000 - 0x00007fff58b55000 	C:\WINDOWS\System32\combase.dll
0x00007fff58490000 - 0x00007fff58566000 	C:\WINDOWS\System32\OLEAUT32.dll
0x00007fff3f0e0000 - 0x00007fff3f11c000 	C:\WINDOWS\SYSTEM32\dbgcore.DLL
0x00007fff56c00000 - 0x00007fff56ca5000 	C:\WINDOWS\System32\bcryptPrimitives.dll
0x00007fff42420000 - 0x00007fff4243e000 	D:\software\jdk-22\jdk-22.0.2\bin\java.dll
0x00007fff57b70000 - 0x00007fff582c3000 	C:\WINDOWS\System32\SHELL32.dll
0x00007fff56ce0000 - 0x00007fff56e4a000 	C:\WINDOWS\System32\wintypes.dll
0x00007fff56ee0000 - 0x00007fff57077000 	C:\WINDOWS\System32\ole32.dll

dbghelp: loaded successfully - version: 4.0.5 - missing functions: none
symbol engine: initialized successfully - sym options: 0x614 - pdb path: .;D:\software\jdk-22\jdk-22.0.2\bin;C:\WINDOWS\SYSTEM32;C:\WINDOWS\WinSxS\amd64_microsoft.windows.common-controls_6595b64144ccf1df_6.0.26100.7309_none_3e05feeae336a044;D:\software\jdk-22\jdk-22.0.2\bin\server

VM Arguments:
jvm_args: -Xmx256m -Dclassworlds.conf=D:\software\apache-maven-3.9.3\bin\m2.conf -Dmaven.home=D:\software\apache-maven-3.9.3 -Dlibrary.jansi.path=D:\software\apache-maven-3.9.3\lib\jansi-native -Dmaven.multiModuleProjectDirectory=D:\anitgravity\spring-boot-projects\redis-spring-boot-starter 
java_command: org.codehaus.plexus.classworlds.launcher.Launcher clean install
java_class_path (initial): D:\software\apache-maven-3.9.3\boot\plexus-classworlds-2.7.0.jar
Launcher Type: SUN_STANDARD

[Global flags]
     intx CICompilerCount                          = 4                                         {product} {ergonomic}
     uint ConcGCThreads                            = 2                                         {product} {ergonomic}
     uint G1ConcRefinementThreads                  = 8                                         {product} {ergonomic}
   size_t G1HeapRegionSize                         = 1048576                                   {product} {ergonomic}
   size_t InitialHeapSize                          = 266338304                                 {product} {ergonomic}
   size_t MarkStackSize                            = 4194304                                   {product} {ergonomic}
   size_t MaxHeapSize                              = 268435456                                 {product} {command line}
   size_t MinHeapDeltaBytes                        = 1048576                                   {product} {ergonomic}
   size_t MinHeapSize                              = 8388608                                   {product} {ergonomic}
    uintx NonNMethodCodeHeapSize                   = 5839372                                {pd product} {ergonomic}
    uintx NonProfiledCodeHeapSize                  = 122909434                              {pd product} {ergonomic}
    uintx ProfiledCodeHeapSize                     = 122909434                              {pd product} {ergonomic}
    uintx ReservedCodeCacheSize                    = 251658240                              {pd product} {ergonomic}
     bool SegmentedCodeCache                       = true                                      {product} {ergonomic}
   size_t SoftMaxHeapSize                          = 268435456                              {manageable} {ergonomic}
     bool UseCompressedOops                        = true                           {product lp64_product} {ergonomic}
     bool UseG1GC                                  = true                                      {product} {ergonomic}
     bool UseLargePagesIndividualAllocation        = false                                  {pd product} {ergonomic}

Logging:
Log output configuration:
 #0: stdout all=warning uptime,level,tags foldmultilines=false
 #1: stderr all=off uptime,level,tags foldmultilines=false

Environment Variables:
JAVA_HOME=D:\software\jdk-22\jdk-22.0.2
PATH=D:\software\jdk-22\jdk-22.0.2\bin;C:\WINDOWS\system32;C:\WINDOWS;C:\WINDOWS\System32\Wbem;C:\WINDOWS\System32\WindowsPowerShell\v1.0\;C:\WINDOWS\System32\OpenSSH\;D:\software\apache-maven-3.9.3\bin;D:\software\node-v24.12.0-win-x64;D:\software\node-v24.12.0-win-x64\node_modules\npm\bin;D:\software\kafka_2.12-3.5.1\bin\windows;C:\Program Files\PuTTY\;C:\Program Files\Git\cmd;C:\Program Files\cursor\resources\app\bin;C:\Program Files\nodejs\;;C:\Program Files\Docker\Docker\resources\bin;C:\Program Files\MySQL\MySQL Shell 8.0\bin\;C:\Users\umesh\AppData\Local\Microsoft\WindowsApps;C:\Users\umesh\AppData\Local\GitHubDesktop\bin;D:\software\Kiro\bin;C:\Users\umesh\AppData\Local\Programs\Antigravity\bin;C:\Users\umesh\AppData\Roaming\npm
USERNAME=umesh
OS=Windows_NT
PROCESSOR_IDENTIFIER=Intel64 Family 6 Model 140 Stepping 2, GenuineIntel
TMP=C:\Users\umesh\AppData\Local\Temp
TEMP=C:\Users\umesh\AppData\Local\Temp




Periodic native trim disabled

---------------  S Y S T E M  ---------------

OS:
 Windows 11 , 64 bit Build 26100 (10.0.26100.7309)
OS uptime: 0 days 23:54 hours
Hyper-V role detected

CPU: total 8 (initial active 8) (4 cores per cpu, 2 threads per core) family 6 model 140 stepping 2 microcode 0x22, cx8, cmov, fxsr, ht, mmx, 3dnowpref, sse, sse2, sse3, ssse3, sse4.1, sse4.2, popcnt, lzcnt, tsc, tscinvbit, avx, avx2, aes, erms, clmul, bmi1, bmi2, adx, avx512f, avx512dq, avx512cd, avx512bw, avx512vl, sha, fma, vzeroupper, avx512_vpopcntdq, avx512_vpclmulqdq, avx512_vaes, avx512_vnni, clflush, clflushopt, clwb, avx512_vbmi2, avx512_vbmi, hv, rdtscp, rdpid, fsrm, gfni, avx512_bitalg, f16c, cet_ibt, cet_ss, avx512_ifma
Processor Information for processor 0
  Max Mhz: 3187, Current Mhz: 3187, Mhz Limit: 3187
Processor Information for processor 1
  Max Mhz: 3187, Current Mhz: 1195, Mhz Limit: 3187
Processor Information for processor 2
  Max Mhz: 3187, Current Mhz: 3187, Mhz Limit: 3187
Processor Information for processor 3
  Max Mhz: 3187, Current Mhz: 3187, Mhz Limit: 3187
Processor Information for processor 4
  Max Mhz: 3187, Current Mhz: 3187, Mhz Limit: 3187
Processor Information for processor 5
  Max Mhz: 3187, Current Mhz: 1195, Mhz Limit: 3187
Processor Information for processor 6
  Max Mhz: 3187, Current Mhz: 3187, Mhz Limit: 3187
Processor Information for processor 7
  Max Mhz: 3187, Current Mhz: 1195, Mhz Limit: 3187

Memory: 4k page, system-wide physical 16167M (480M free)
TotalPageFile size 34917M (AvailPageFile size 82M)
current process WorkingSet (physical memory assigned to process): 13M, peak: 13M
current process commit charge ("private bytes"): 60M, peak: 314M

vm_info: Java HotSpot(TM) 64-Bit Server VM (22.0.2+9-70) for windows-amd64 JRE (22.0.2+9-70), built on 2024-06-04T16:52:23Z by "mach5one" with MS VC++ 17.6 (VS2022)

END.
